<?xml version="1.0" encoding="UTF-8"?>
<coverage generated="1703139136031" clover="3.2.0">
  <project timestamp="1703139136031" name="All files">
    <metrics statements="24" coveredstatements="22" conditionals="8" coveredconditionals="5" methods="5" coveredmethods="5" elements="37" coveredelements="32" complexity="0" loc="24" ncloc="24" packages="1" files="1" classes="1"/>
    <file name="postIdParser.ts" path="C:\Users\edame\Dropbox\WorkSpace\line-voom-mid-robber\src\utils\postIdParser.ts">
      <metrics statements="24" coveredstatements="22" conditionals="8" coveredconditionals="5" methods="5" coveredmethods="5"/>
      <line num="1" count="1" type="stmt"/>
      <line num="8" count="12" type="stmt"/>
      <line num="9" count="60" type="stmt"/>
      <line num="12" count="12" type="cond" truecount="0" falsecount="1"/>
      <line num="13" count="0" type="stmt"/>
      <line num="16" count="12" type="stmt"/>
      <line num="18" count="12" type="stmt"/>
      <line num="22" count="12" type="stmt"/>
      <line num="23" count="12" type="stmt"/>
      <line num="27" count="15" type="stmt"/>
      <line num="28" count="15" type="stmt"/>
      <line num="29" count="16" type="cond" truecount="2" falsecount="0"/>
      <line num="30" count="1" type="cond" truecount="1" falsecount="0"/>
      <line num="31" count="1" type="stmt"/>
      <line num="33" count="0" type="stmt"/>
      <line num="35" count="15" type="stmt"/>
      <line num="39" count="15" type="cond" truecount="1" falsecount="1"/>
      <line num="42" count="1" type="stmt"/>
      <line num="43" count="12" type="stmt"/>
      <line num="45" count="12" type="stmt"/>
      <line num="46" count="12" type="stmt"/>
      <line num="48" count="3" type="stmt"/>
      <line num="51" count="12" type="stmt"/>
      <line num="53" count="12" type="cond" truecount="1" falsecount="1"/>
    </file>
  </project>
</coverage>
