{"C:\\Users\\edame\\Dropbox\\WorkSpace\\line-voom-mid-robber\\src\\utils\\postIdParser.ts": {"path":"C:\\Users\\edame\\Dropbox\\WorkSpace\\line-voom-mid-robber\\src\\utils\\postIdParser.ts","statementMap":{"0":{"start":{"line":1,"column":16},"end":{"line":1,"column":63}},"1":{"start":{"line":8,"column":4},"end":{"line":10,"column":5}},"2":{"start":{"line":9,"column":8},"end":{"line":9,"column":41}},"3":{"start":{"line":12,"column":4},"end":{"line":14,"column":5}},"4":{"start":{"line":13,"column":8},"end":{"line":13,"column":45}},"5":{"start":{"line":16,"column":4},"end":{"line":16,"column":31}},"6":{"start":{"line":18,"column":1},"end":{"line":18,"column":12}},"7":{"start":{"line":22,"column":4},"end":{"line":22,"column":41}},"8":{"start":{"line":23,"column":4},"end":{"line":23,"column":33}},"9":{"start":{"line":27,"column":4},"end":{"line":27,"column":41}},"10":{"start":{"line":28,"column":27},"end":{"line":37,"column":5}},"11":{"start":{"line":29,"column":8},"end":{"line":36,"column":9}},"12":{"start":{"line":30,"column":12},"end":{"line":32,"column":13}},"13":{"start":{"line":31,"column":16},"end":{"line":31,"column":56}},"14":{"start":{"line":33,"column":12},"end":{"line":33,"column":36}},"15":{"start":{"line":35,"column":12},"end":{"line":35,"column":23}},"16":{"start":{"line":39,"column":4},"end":{"line":39,"column":61}},"17":{"start":{"line":43,"column":1},"end":{"line":43,"column":52}},"18":{"start":{"line":45,"column":4},"end":{"line":49,"column":5}},"19":{"start":{"line":46,"column":8},"end":{"line":46,"column":30}},"20":{"start":{"line":48,"column":8},"end":{"line":48,"column":40}},"21":{"start":{"line":51,"column":4},"end":{"line":51,"column":26}},"22":{"start":{"line":53,"column":1},"end":{"line":53,"column":38}},"23":{"start":{"line":42,"column":0},"end":{"line":42,"column":16}}},"fnMap":{"0":{"name":"prefixParser","decl":{"start":{"line":7,"column":9},"end":{"line":7,"column":21}},"loc":{"start":{"line":7,"column":33},"end":{"line":19,"column":1}}},"1":{"name":"pathParser","decl":{"start":{"line":21,"column":9},"end":{"line":21,"column":19}},"loc":{"start":{"line":21,"column":31},"end":{"line":24,"column":1}}},"2":{"name":"slugParser","decl":{"start":{"line":26,"column":9},"end":{"line":26,"column":19}},"loc":{"start":{"line":26,"column":31},"end":{"line":40,"column":1}}},"3":{"name":"(anonymous_3)","decl":{"start":{"line":28,"column":27},"end":{"line":28,"column":28}},"loc":{"start":{"line":28,"column":51},"end":{"line":37,"column":5}}},"4":{"name":"postIdParser","decl":{"start":{"line":42,"column":16},"end":{"line":42,"column":28}},"loc":{"start":{"line":42,"column":40},"end":{"line":54,"column":1}}}},"branchMap":{"0":{"loc":{"start":{"line":12,"column":4},"end":{"line":14,"column":5}},"type":"if","locations":[{"start":{"line":12,"column":4},"end":{"line":14,"column":5}}]},"1":{"loc":{"start":{"line":29,"column":8},"end":{"line":36,"column":9}},"type":"if","locations":[{"start":{"line":29,"column":8},"end":{"line":36,"column":9}},{"start":{"line":34,"column":15},"end":{"line":36,"column":9}}]},"2":{"loc":{"start":{"line":30,"column":12},"end":{"line":32,"column":13}},"type":"if","locations":[{"start":{"line":30,"column":12},"end":{"line":32,"column":13}}]},"3":{"loc":{"start":{"line":39,"column":11},"end":{"line":39,"column":60}},"type":"binary-expr","locations":[{"start":{"line":39,"column":11},"end":{"line":39,"column":54}},{"start":{"line":39,"column":58},"end":{"line":39,"column":60}}]},"4":{"loc":{"start":{"line":53,"column":8},"end":{"line":53,"column":37}},"type":"binary-expr","locations":[{"start":{"line":53,"column":8},"end":{"line":53,"column":28}},{"start":{"line":53,"column":32},"end":{"line":53,"column":37}}]}},"s":{"0":1,"1":12,"2":60,"3":12,"4":0,"5":12,"6":12,"7":12,"8":12,"9":15,"10":15,"11":16,"12":1,"13":1,"14":0,"15":15,"16":15,"17":12,"18":12,"19":12,"20":3,"21":12,"22":12,"23":1},"f":{"0":12,"1":12,"2":15,"3":16,"4":12},"b":{"0":[0],"1":[1,15],"2":[1],"3":[15,0],"4":[12,0]}}
}
