TN:
SF:src\utils\postIdParser.ts
FN:7,prefixParser
FN:21,pathParser
FN:26,slugParser
FN:28,(anonymous_3)
FN:42,postIdParser
FNF:5
FNH:5
FNDA:12,prefixParser
FNDA:12,pathParser
FNDA:15,slugParser
FNDA:16,(anonymous_3)
FNDA:12,postIdParser
DA:1,1
DA:8,12
DA:9,60
DA:12,12
DA:13,0
DA:16,12
DA:18,12
DA:22,12
DA:23,12
DA:27,15
DA:28,15
DA:29,16
DA:30,1
DA:31,1
DA:33,0
DA:35,15
DA:39,15
DA:42,1
DA:43,12
DA:45,12
DA:46,12
DA:48,3
DA:51,12
DA:53,12
LF:24
LH:22
BRDA:12,0,0,0
BRDA:29,1,0,1
BRDA:29,1,1,15
BRDA:30,2,0,1
BRDA:39,3,0,15
BRDA:39,3,1,0
BRDA:53,4,0,12
BRDA:53,4,1,0
BRF:8
BRH:5
end_of_record
